<?xml version="1.0" encoding="UTF-8"?>
<testsuite xmlns:xsi="http://www.w3.org/2001/XMLSchema-instance" xsi:noNamespaceSchemaLocation="https://maven.apache.org/surefire/maven-surefire-plugin/xsd/surefire-test-report-3.0.xsd" version="3.0" name="com.keyin.Sprint1_API.MovieApiTests" time="1.374" tests="4" errors="0" skipped="0" failures="0">
  <properties>
[...]
</properties>
  <testcase name="testDeleteMovie" classname="com.keyin.Sprint1_API.MovieApiTests" time="0.405">
    <system-out><![CDATA[2024-08-12T22:39:58.155-02:30  INFO 19196 --- [           main] t.c.s.AnnotationConfigContextLoaderUtils : Could not detect default configuration classes for test class [com.keyin.Sprint1_API.MovieApiTests]: MovieApiTests does not declare any static, non-private, non-final, nested classes annotated with @Configuration.
2024-08-12T22:39:58.163-02:30  INFO 19196 --- [           main] .b.t.c.SpringBootTestContextBootstrapper : Found @SpringBootConfiguration com.keyin.Sprint1_API.Sprint1ApiApplication for test class com.keyin.Sprint1_API.MovieApiTests
2024-08-12T22:39:58.171-02:30  INFO 19196 --- [           main] o.s.b.d.r.RestartApplicationListener     : Restart disabled due to context in which it is running
  .   ____          _            __ _ _
 /\\ / ___'_ __ _ _(_)_ __  __ _ \ \ \ \
( ( )\___ | '_ | '_| | '_ \/ _` | \ \ \ \
 \\/  ___)| |_)| | | | | || (_| |  ) ) ) )
  '  |____| .__|_| |_|_| |_\__, | / / / /
 =========|_|==============|___/=/_/_/_/

 :: Spring Boot ::                (v3.3.0)

2024-08-12T22:39:58.221-02:30  INFO 19196 --- [           main] com.keyin.Sprint1_API.MovieApiTests      : Starting MovieApiTests using Java 22.0.2 with PID 19196 (started by jacka in E:\Coding projects\School\S2S4\Backup-backend)
2024-08-12T22:39:58.221-02:30  INFO 19196 --- [           main] com.keyin.Sprint1_API.MovieApiTests      : No active profile set, falling back to 1 default profile: "default"
2024-08-12T22:39:58.435-02:30  INFO 19196 --- [           main] .s.d.r.c.RepositoryConfigurationDelegate : Bootstrapping Spring Data JPA repositories in DEFAULT mode.
2024-08-12T22:39:58.447-02:30  INFO 19196 --- [           main] .s.d.r.c.RepositoryConfigurationDelegate : Finished Spring Data repository scanning in 11 ms. Found 2 JPA repository interfaces.
2024-08-12T22:39:58.556-02:30  INFO 19196 --- [           main] o.hibernate.jpa.internal.util.LogHelper  : HHH000204: Processing PersistenceUnitInfo [name: default]
2024-08-12T22:39:58.560-02:30  INFO 19196 --- [           main] o.h.c.internal.RegionFactoryInitiator    : HHH000026: Second-level cache disabled
2024-08-12T22:39:58.569-02:30  INFO 19196 --- [           main] o.s.o.j.p.SpringPersistenceUnitInfo      : No LoadTimeWeaver setup: ignoring JPA class transformer
2024-08-12T22:39:58.571-02:30  INFO 19196 --- [           main] com.zaxxer.hikari.HikariDataSource       : HikariPool-2 - Starting...
2024-08-12T22:39:58.609-02:30  INFO 19196 --- [           main] com.zaxxer.hikari.pool.HikariPool        : HikariPool-2 - Added connection org.postgresql.jdbc.PgConnection@7a68818c
2024-08-12T22:39:58.610-02:30  INFO 19196 --- [           main] com.zaxxer.hikari.HikariDataSource       : HikariPool-2 - Start completed.
2024-08-12T22:39:58.615-02:30  WARN 19196 --- [           main] org.hibernate.orm.deprecation            : HHH90000025: PostgreSQLDialect does not need to be specified explicitly using 'hibernate.dialect' (remove the property setting and it will be selected by default)
2024-08-12T22:39:58.666-02:30  INFO 19196 --- [           main] o.h.e.t.j.p.i.JtaPlatformInitiator       : HHH000489: No JTA platform available (set 'hibernate.transaction.jta.platform' to enable JTA platform integration)
2024-08-12T22:39:58.687-02:30  INFO 19196 --- [           main] j.LocalContainerEntityManagerFactoryBean : Initialized JPA EntityManagerFactory for persistence unit 'default'
2024-08-12T22:39:58.741-02:30  WARN 19196 --- [           main] JpaBaseConfiguration$JpaWebConfiguration : spring.jpa.open-in-view is enabled by default. Therefore, database queries may be performed during view rendering. Explicitly configure spring.jpa.open-in-view to disable this warning
2024-08-12T22:39:58.770-02:30  INFO 19196 --- [           main] r$InitializeUserDetailsManagerConfigurer : Global AuthenticationManager configured with UserDetailsService bean with name customUserDetailsService
2024-08-12T22:39:58.854-02:30  INFO 19196 --- [           main] o.s.s.web.DefaultSecurityFilterChain     : Will secure any request with [org.springframework.security.web.session.DisableEncodeUrlFilter@1a034bbc, org.springframework.security.web.context.request.async.WebAsyncManagerIntegrationFilter@5453b15d, org.springframework.security.web.context.SecurityContextHolderFilter@35be9318, org.springframework.security.web.header.HeaderWriterFilter@196f9b75, org.springframework.web.filter.CorsFilter@4a6dd88e, org.springframework.security.web.authentication.logout.LogoutFilter@4c2057c6, com.keyin.Sprint1_API.User.JwtAuthenticationFilter@2c3c05ff, org.springframework.security.web.savedrequest.RequestCacheAwareFilter@2ad39f2f, org.springframework.security.web.servletapi.SecurityContextHolderAwareRequestFilter@7db53694, org.springframework.security.web.authentication.AnonymousAuthenticationFilter@2c62f56f, org.springframework.security.web.session.SessionManagementFilter@4306709f, org.springframework.security.web.access.ExceptionTranslationFilter@76d1acf9, org.springframework.security.web.access.intercept.AuthorizationFilter@2ee91bdf]
2024-08-12T22:39:58.990-02:30  INFO 19196 --- [           main] o.s.b.t.m.w.SpringBootMockServletContext : Initializing Spring TestDispatcherServlet ''
2024-08-12T22:39:58.990-02:30  INFO 19196 --- [           main] o.s.t.web.servlet.TestDispatcherServlet  : Initializing Servlet ''
2024-08-12T22:39:58.991-02:30  INFO 19196 --- [           main] o.s.t.web.servlet.TestDispatcherServlet  : Completed initialization in 1 ms
2024-08-12T22:39:58.997-02:30  INFO 19196 --- [           main] com.keyin.Sprint1_API.MovieApiTests      : Started MovieApiTests in 0.825 seconds (process running for 7.495)
Hibernate: insert into movie_db (director,genre,main_actor,rating,release_year,runtime,title) values (?,?,?,?,?,?,?) returning movie_id
2024-08-12T22:39:59.090-02:30  INFO 19196 --- [           main] c.keyin.Sprint1_API.Movie.MovieService   : Deleting movie with ID: 2532
Hibernate: select count(*) from movie_db m1_0 where m1_0.movie_id=?
Hibernate: select m1_0.movie_id,m1_0.director,m1_0.genre,m1_0.main_actor,m1_0.rating,m1_0.release_year,m1_0.runtime,m1_0.title from movie_db m1_0 where m1_0.movie_id=?
Hibernate: delete from movie_db where movie_id=?
2024-08-12T22:39:59.380-02:30  INFO 19196 --- [           main] c.keyin.Sprint1_API.Movie.MovieService   : Fetching movie by ID: 2532
Hibernate: select m1_0.movie_id,m1_0.director,m1_0.genre,m1_0.main_actor,m1_0.rating,m1_0.release_year,m1_0.runtime,m1_0.title from movie_db m1_0 where m1_0.movie_id=?
]]></system-out>
  </testcase>
  <testcase name="testUpdateMovie" classname="com.keyin.Sprint1_API.MovieApiTests" time="0.092">
    <system-out><![CDATA[Hibernate: insert into movie_db (director,genre,main_actor,rating,release_year,runtime,title) values (?,?,?,?,?,?,?) returning movie_id
2024-08-12T22:39:59.445-02:30  INFO 19196 --- [           main] c.keyin.Sprint1_API.Movie.MovieService   : Updating movie with ID: 2533
Hibernate: select m1_0.movie_id,m1_0.director,m1_0.genre,m1_0.main_actor,m1_0.rating,m1_0.release_year,m1_0.runtime,m1_0.title from movie_db m1_0 where m1_0.movie_id=?
Hibernate: update movie_db set director=?,genre=?,main_actor=?,rating=?,release_year=?,runtime=?,title=? where movie_id=?

MockHttpServletRequest:
      HTTP Method = PUT
      Request URI = /api/movies/2533
       Parameters = {}
          Headers = [Content-Type:"application/json;charset=UTF-8", Content-Length:"85"]
             Body = { "title": "Updated Movie", "genre": "Updated Genre", "rating": 9.0, "runtime": 130 }
    Session Attrs = {}

Handler:
             Type = com.keyin.Sprint1_API.Movie.MovieController
           Method = com.keyin.Sprint1_API.Movie.MovieController#updateMovie(Long, Movie)

Async:
    Async started = false
     Async result = null

Resolved Exception:
             Type = null

ModelAndView:
        View name = null
             View = null
            Model = null

FlashMap:
       Attributes = null

MockHttpServletResponse:
           Status = 200
    Error message = null
          Headers = [Vary:"Origin", "Access-Control-Request-Method", "Access-Control-Request-Headers", Content-Type:"application/json", X-Content-Type-Options:"nosniff", X-XSS-Protection:"0", Cache-Control:"no-cache, no-store, max-age=0, must-revalidate", Pragma:"no-cache", Expires:"0", X-Frame-Options:"DENY"]
     Content type = application/json
             Body = {"movie_id":2533,"title":"Updated Movie","release_year":0,"genre":"Updated Genre","director":null,"main_actor":null,"rating":9.0,"runtime":130}
    Forwarded URL = null
   Redirected URL = null
          Cookies = []
]]></system-out>
  </testcase>
  <testcase name="testCreateMovie" classname="com.keyin.Sprint1_API.MovieApiTests" time="0.011">
    <system-out><![CDATA[2024-08-12T22:39:59.508-02:30  INFO 19196 --- [           main] c.keyin.Sprint1_API.Movie.MovieService   : Adding new movie: Test Movie
Hibernate: insert into movie_db (director,genre,main_actor,rating,release_year,runtime,title) values (?,?,?,?,?,?,?) returning movie_id

MockHttpServletRequest:
      HTTP Method = POST
      Request URI = /api/movies
       Parameters = {}
          Headers = [Content-Type:"application/json;charset=UTF-8", Content-Length:"79"]
             Body = { "title": "Test Movie", "genre": "Test Genre", "rating": 8.5, "runtime": 120 }
    Session Attrs = {}

Handler:
             Type = com.keyin.Sprint1_API.Movie.MovieController
           Method = com.keyin.Sprint1_API.Movie.MovieController#createMovie(Movie)

Async:
    Async started = false
     Async result = null

Resolved Exception:
             Type = null

ModelAndView:
        View name = null
             View = null
            Model = null

FlashMap:
       Attributes = null

MockHttpServletResponse:
           Status = 201
    Error message = null
          Headers = [Vary:"Origin", "Access-Control-Request-Method", "Access-Control-Request-Headers", Content-Type:"application/json", X-Content-Type-Options:"nosniff", X-XSS-Protection:"0", Cache-Control:"no-cache, no-store, max-age=0, must-revalidate", Pragma:"no-cache", Expires:"0", X-Frame-Options:"DENY"]
     Content type = application/json
             Body = {"movie_id":2534,"title":"Test Movie","release_year":0,"genre":"Test Genre","director":null,"main_actor":null,"rating":8.5,"runtime":120}
    Forwarded URL = null
   Redirected URL = null
          Cookies = []
]]></system-out>
  </testcase>
  <testcase name="testReadMovie" classname="com.keyin.Sprint1_API.MovieApiTests" time="0.011">
    <system-out><![CDATA[Hibernate: insert into movie_db (director,genre,main_actor,rating,release_year,runtime,title) values (?,?,?,?,?,?,?) returning movie_id
2024-08-12T22:39:59.521-02:30  INFO 19196 --- [           main] c.keyin.Sprint1_API.Movie.MovieService   : Fetching movie by ID: 2535
Hibernate: select m1_0.movie_id,m1_0.director,m1_0.genre,m1_0.main_actor,m1_0.rating,m1_0.release_year,m1_0.runtime,m1_0.title from movie_db m1_0 where m1_0.movie_id=?
]]></system-out>
  </testcase>
</testsuite>