<?xml version="1.0" encoding="UTF-8"?>
<testsuite xmlns:xsi="http://www.w3.org/2001/XMLSchema-instance" xsi:noNamespaceSchemaLocation="https://maven.apache.org/surefire/maven-surefire-plugin/xsd/surefire-test-report-3.0.xsd" version="3.0" name="com.keyin.Sprint1_API.Sprint1ApiApplicationTests" time="6.112" tests="1" errors="0" skipped="0" failures="0">
  <properties>
[...]
</properties>
  <testcase name="contextLoads" classname="com.keyin.Sprint1_API.Sprint1ApiApplicationTests" time="0.539">
    <system-out><![CDATA[22:39:52.192 [main] INFO org.springframework.test.context.support.AnnotationConfigContextLoaderUtils -- Could not detect default configuration classes for test class [com.keyin.Sprint1_API.Sprint1ApiApplicationTests]: Sprint1ApiApplicationTests does not declare any static, non-private, non-final, nested classes annotated with @Configuration.
22:39:52.293 [main] INFO org.springframework.boot.test.context.SpringBootTestContextBootstrapper -- Found @SpringBootConfiguration com.keyin.Sprint1_API.Sprint1ApiApplication for test class com.keyin.Sprint1_API.Sprint1ApiApplicationTests
22:39:52.454 [main] INFO org.springframework.boot.devtools.restart.RestartApplicationListener -- Restart disabled due to context in which it is running
  .   ____          _            __ _ _
 /\\ / ___'_ __ _ _(_)_ __  __ _ \ \ \ \
( ( )\___ | '_ | '_| | '_ \/ _` | \ \ \ \
 \\/  ___)| |_)| | | | | || (_| |  ) ) ) )
  '  |____| .__|_| |_|_| |_\__, | / / / /
 =========|_|==============|___/=/_/_/_/

 :: Spring Boot ::                (v3.3.0)

2024-08-12T22:39:52.810-02:30  INFO 19196 --- [           main] c.k.S.Sprint1ApiApplicationTests         : Starting Sprint1ApiApplicationTests using Java 22.0.2 with PID 19196 (started by jacka in E:\Coding projects\School\S2S4\Backup-backend)
2024-08-12T22:39:52.811-02:30  INFO 19196 --- [           main] c.k.S.Sprint1ApiApplicationTests         : The following 1 profile is active: "test"
2024-08-12T22:39:53.735-02:30  INFO 19196 --- [           main] .s.d.r.c.RepositoryConfigurationDelegate : Bootstrapping Spring Data JPA repositories in DEFAULT mode.
2024-08-12T22:39:53.803-02:30  INFO 19196 --- [           main] .s.d.r.c.RepositoryConfigurationDelegate : Finished Spring Data repository scanning in 59 ms. Found 2 JPA repository interfaces.
2024-08-12T22:39:54.412-02:30  INFO 19196 --- [           main] o.hibernate.jpa.internal.util.LogHelper  : HHH000204: Processing PersistenceUnitInfo [name: default]
2024-08-12T22:39:54.476-02:30  INFO 19196 --- [           main] org.hibernate.Version                    : HHH000412: Hibernate ORM core version 6.5.2.Final
2024-08-12T22:39:54.517-02:30  INFO 19196 --- [           main] o.h.c.internal.RegionFactoryInitiator    : HHH000026: Second-level cache disabled
2024-08-12T22:39:54.841-02:30  INFO 19196 --- [           main] o.s.o.j.p.SpringPersistenceUnitInfo      : No LoadTimeWeaver setup: ignoring JPA class transformer
2024-08-12T22:39:54.875-02:30  INFO 19196 --- [           main] com.zaxxer.hikari.HikariDataSource       : HikariPool-1 - Starting...
2024-08-12T22:39:55.067-02:30  INFO 19196 --- [           main] com.zaxxer.hikari.pool.HikariPool        : HikariPool-1 - Added connection org.postgresql.jdbc.PgConnection@4a833595
2024-08-12T22:39:55.069-02:30  INFO 19196 --- [           main] com.zaxxer.hikari.HikariDataSource       : HikariPool-1 - Start completed.
2024-08-12T22:39:55.109-02:30  WARN 19196 --- [           main] org.hibernate.orm.deprecation            : HHH90000025: PostgreSQLDialect does not need to be specified explicitly using 'hibernate.dialect' (remove the property setting and it will be selected by default)
2024-08-12T22:39:55.964-02:30  INFO 19196 --- [           main] o.h.e.t.j.p.i.JtaPlatformInitiator       : HHH000489: No JTA platform available (set 'hibernate.transaction.jta.platform' to enable JTA platform integration)
2024-08-12T22:39:56.010-02:30  INFO 19196 --- [           main] j.LocalContainerEntityManagerFactoryBean : Initialized JPA EntityManagerFactory for persistence unit 'default'
2024-08-12T22:39:56.445-02:30  WARN 19196 --- [           main] JpaBaseConfiguration$JpaWebConfiguration : spring.jpa.open-in-view is enabled by default. Therefore, database queries may be performed during view rendering. Explicitly configure spring.jpa.open-in-view to disable this warning
2024-08-12T22:39:56.584-02:30  INFO 19196 --- [           main] r$InitializeUserDetailsManagerConfigurer : Global AuthenticationManager configured with UserDetailsService bean with name customUserDetailsService
2024-08-12T22:39:57.070-02:30  INFO 19196 --- [           main] o.s.s.web.DefaultSecurityFilterChain     : Will secure any request with [org.springframework.security.web.session.DisableEncodeUrlFilter@21ebf9be, org.springframework.security.web.context.request.async.WebAsyncManagerIntegrationFilter@7d50b4c4, org.springframework.security.web.context.SecurityContextHolderFilter@9120cb5, org.springframework.security.web.header.HeaderWriterFilter@7aad7df5, org.springframework.web.filter.CorsFilter@7860a014, org.springframework.security.web.authentication.logout.LogoutFilter@22195d06, org.springframework.security.web.savedrequest.RequestCacheAwareFilter@5f93ec02, org.springframework.security.web.servletapi.SecurityContextHolderAwareRequestFilter@2d91147b, org.springframework.security.web.authentication.AnonymousAuthenticationFilter@86e8469, org.springframework.security.web.access.ExceptionTranslationFilter@2446597e, org.springframework.security.web.access.intercept.AuthorizationFilter@5f5076f9]
2024-08-12T22:39:57.585-02:30  INFO 19196 --- [           main] c.k.S.Sprint1ApiApplicationTests         : Started Sprint1ApiApplicationTests in 5.144 seconds (process running for 6.084)
Hibernate: select u1_0.id,u1_0.email,u1_0.password,u1_0.username from users u1_0
Hibernate: delete from users where id=?
Hibernate: insert into users (email,password,username) values (?,?,?) returning id
]]></system-out>
    <system-err><![CDATA[WARNING: A Java agent has been loaded dynamically (C:\Users\jacka\.m2\repository\net\bytebuddy\byte-buddy-agent\1.12.22\byte-buddy-agent-1.12.22.jar)
WARNING: If a serviceability tool is in use, please run with -XX:+EnableDynamicAgentLoading to hide this warning
WARNING: If a serviceability tool is not in use, please run with -Djdk.instrument.traceUsage for more information
WARNING: Dynamic loading of agents will be disallowed by default in a future release
]]></system-err>
  </testcase>
</testsuite>